TN:
SF:src\App.tsx
FN:1,(empty-report)
FNF:1
FNH:0
FNDA:0,(empty-report)
DA:1,0
DA:2,0
DA:3,0
DA:4,0
DA:5,0
DA:6,0
DA:8,0
DA:9,0
DA:11,0
DA:12,0
DA:13,0
DA:14,0
DA:15,0
DA:17,0
DA:18,0
DA:19,0
DA:20,0
DA:22,0
DA:24,0
DA:25,0
DA:27,0
DA:28,0
DA:29,0
DA:30,0
DA:31,0
DA:32,0
DA:33,0
DA:35,0
DA:37,0
LF:29
LH:0
BRDA:1,0,0,0
BRF:1
BRH:0
end_of_record
TN:
SF:src\vite-env.d.ts
FN:1,(empty-report)
FNF:1
FNH:1
FNDA:1,(empty-report)
LF:0
LH:0
BRDA:1,0,0,1
BRF:1
BRH:1
end_of_record
TN:
SF:src\api\api.ts
FN:73,<instance_members_initializer>
FN:76,ApiError
FN:83,errorMessage
FN:100,request
FN:130,register
FN:137,login
FN:144,me
FN:151,list
FN:154,create
FN:160,update
FN:166,publish
FN:169,delete
FN:176,list
FN:179,create
FN:185,update
FN:188,delete
FN:191,reorder
FN:201,list
FN:204,create
FN:217,update
FN:230,delete
FN:237,list
FN:240,create
FN:246,update
FN:252,delete
FN:259,list
FN:262,create
FN:268,restore
FN:281,suggest
FNF:29
FNH:8
FNDA:17,<instance_members_initializer>
FNDA:17,ApiError
FNDA:4,errorMessage
FNDA:8,request
FNDA:0,register
FNDA:0,login
FNDA:0,me
FNDA:4,list
FNDA:0,create
FNDA:0,update
FNDA:0,publish
FNDA:0,delete
FNDA:0,list
FNDA:0,create
FNDA:1,update
FNDA:1,delete
FNDA:0,reorder
FNDA:0,list
FNDA:0,create
FNDA:0,update
FNDA:0,delete
FNDA:0,list
FNDA:0,create
FNDA:0,update
FNDA:0,delete
FNDA:0,list
FNDA:0,create
FNDA:0,restore
FNDA:2,suggest
DA:1,1
DA:3,1
DA:73,1
DA:74,17
DA:76,17
DA:77,17
DA:78,17
DA:79,17
DA:80,17
DA:81,17
DA:83,4
DA:84,4
DA:85,4
DA:86,4
DA:87,4
DA:88,4
DA:89,4
DA:91,2
DA:92,4
DA:93,4
DA:100,8
DA:101,8
DA:103,8
DA:104,8
DA:105,8
DA:107,8
DA:108,8
DA:109,8
DA:110,8
DA:111,8
DA:112,8
DA:113,8
DA:114,1
DA:115,1
DA:117,8
DA:119,0
DA:120,0
DA:121,8
DA:122,4
DA:123,4
DA:124,8
DA:125,2
DA:126,2
DA:129,1
DA:130,1
DA:131,0
DA:132,0
DA:133,0
DA:134,0
DA:135,0
DA:136,0
DA:137,1
DA:138,0
DA:139,0
DA:140,0
DA:141,0
DA:142,0
DA:143,0
DA:144,1
DA:145,0
DA:146,0
DA:147,1
DA:150,1
DA:151,1
DA:152,4
DA:153,4
DA:154,1
DA:155,0
DA:156,0
DA:157,0
DA:158,0
DA:159,0
DA:160,1
DA:161,0
DA:162,0
DA:163,0
DA:164,0
DA:165,0
DA:166,1
DA:167,0
DA:168,0
DA:169,1
DA:170,0
DA:171,0
DA:172,1
DA:175,1
DA:176,1
DA:177,0
DA:178,0
DA:179,1
DA:180,0
DA:181,0
DA:182,0
DA:183,0
DA:184,0
DA:185,1
DA:186,1
DA:187,1
DA:188,1
DA:189,1
DA:190,1
DA:191,1
DA:192,0
DA:193,0
DA:194,0
DA:195,0
DA:196,0
DA:197,1
DA:200,1
DA:201,1
DA:202,0
DA:203,0
DA:204,1
DA:205,0
DA:206,0
DA:214,0
DA:215,0
DA:216,0
DA:217,1
DA:218,0
DA:219,0
DA:227,0
DA:228,0
DA:229,0
DA:230,1
DA:231,0
DA:232,0
DA:233,1
DA:236,1
DA:237,1
DA:238,0
DA:239,0
DA:240,1
DA:241,0
DA:242,0
DA:243,0
DA:244,0
DA:245,0
DA:246,1
DA:247,0
DA:248,0
DA:249,0
DA:250,0
DA:251,0
DA:252,1
DA:253,0
DA:254,0
DA:255,1
DA:258,1
DA:259,1
DA:260,0
DA:261,0
DA:262,1
DA:263,0
DA:264,0
DA:265,0
DA:266,0
DA:267,0
DA:268,1
DA:269,0
DA:270,0
DA:271,1
DA:280,1
DA:281,1
DA:282,2
DA:283,2
DA:284,2
DA:285,2
DA:286,2
DA:287,1
LF:170
LH:91
BRDA:73,0,0,17
BRDA:76,1,0,17
BRDA:83,2,0,4
BRDA:85,3,0,0
BRDA:88,4,0,2
BRDA:89,5,0,2
BRDA:92,6,0,1
BRDA:92,7,0,1
BRDA:100,8,0,8
BRDA:101,9,0,4
BRDA:104,10,0,0
BRDA:105,11,0,0
BRDA:112,12,0,7
BRDA:113,13,0,1
BRDA:115,14,0,7
BRDA:117,15,0,0
BRDA:117,16,0,0
BRDA:120,17,0,7
BRDA:121,18,0,4
BRDA:123,19,0,3
BRDA:124,20,0,1
BRDA:124,21,0,2
BRDA:151,22,0,4
BRDA:185,23,0,1
BRDA:188,24,0,1
BRDA:281,25,0,2
BRF:26
BRH:21
end_of_record
TN:
SF:src\auth\AuthContext.tsx
FN:6,AuthProvider
FNF:1
FNH:1
FNDA:55,AuthProvider
DA:1,1
DA:2,1
DA:3,1
DA:4,1
DA:6,1
DA:7,55
DA:10,55
DA:13,55
DA:14,24
DA:16,24
DA:18,13
DA:19,13
DA:20,13
DA:21,12
DA:22,13
DA:23,13
DA:25,1
DA:26,13
DA:27,13
DA:28,13
DA:29,13
DA:31,13
DA:32,13
DA:33,13
DA:34,55
DA:37,55
DA:38,55
DA:39,24
DA:40,9
DA:41,24
DA:42,55
DA:43,55
DA:45,55
DA:46,6
DA:47,4
DA:48,4
DA:49,55
DA:51,55
DA:52,3
DA:53,2
DA:54,2
DA:55,55
DA:57,55
DA:58,2
DA:59,2
DA:60,55
DA:62,55
DA:63,55
DA:64,55
DA:65,55
DA:67,55
DA:68,55
LF:52
LH:52
BRDA:6,0,0,55
BRDA:10,1,0,24
BRDA:13,2,0,24
BRDA:16,3,0,11
BRDA:16,4,0,13
BRDA:20,5,0,12
BRDA:23,6,0,1
BRDA:25,7,0,0
BRDA:27,8,0,13
BRDA:31,9,0,13
BRDA:38,10,0,24
BRDA:39,11,0,9
BRDA:40,12,0,3
BRDA:45,13,0,6
BRDA:46,14,0,4
BRDA:51,15,0,3
BRDA:52,16,0,2
BRDA:57,17,0,2
BRDA:63,18,0,54
BRF:19
BRH:18
end_of_record
TN:
SF:src\auth\auth-context.ts
FNF:0
FNH:0
DA:1,1
DA:14,1
LF:2
LH:2
BRF:0
BRH:0
end_of_record
TN:
SF:src\auth\token.ts
FN:13,getToken
FN:22,setToken
FN:31,clearToken
FN:41,onTokenChange
FN:46,notify
FNF:5
FNH:5
FNDA:72,getToken
FNDA:23,setToken
FNDA:18,clearToken
FNDA:25,onTokenChange
FNDA:41,notify
DA:1,1
DA:4,1
DA:13,1
DA:14,72
DA:15,72
DA:16,72
DA:18,1
DA:19,1
DA:20,72
DA:22,1
DA:23,23
DA:24,23
DA:25,23
DA:27,1
DA:28,23
DA:29,23
DA:31,1
DA:32,18
DA:33,18
DA:34,18
DA:36,0
DA:37,18
DA:38,18
DA:41,1
DA:42,25
DA:43,25
DA:44,25
DA:46,41
DA:47,41
DA:48,41
LF:30
LH:29
BRDA:13,0,0,72
BRDA:16,1,0,1
BRDA:22,2,0,23
BRDA:25,3,0,1
BRDA:31,4,0,18
BRDA:34,5,0,0
BRDA:41,6,0,25
BRDA:43,7,0,25
BRDA:46,8,0,41
BRDA:47,9,0,11
BRF:10
BRH:9
end_of_record
TN:
SF:src\auth\useAuth.ts
FN:4,useAuth
FNF:1
FNH:1
FNDA:194,useAuth
DA:1,1
DA:2,1
DA:4,1
DA:5,194
DA:6,194
DA:7,193
DA:8,193
LF:7
LH:7
BRDA:4,0,0,194
BRDA:6,1,0,0
BRDA:6,2,0,193
BRF:3
BRH:2
end_of_record
TN:
SF:src\components\ErrorBoundary.tsx
FN:1,(empty-report)
FNF:1
FNH:0
FNDA:0,(empty-report)
DA:1,0
DA:2,0
DA:16,0
DA:17,0
DA:19,0
DA:20,0
DA:21,0
DA:23,0
DA:24,0
DA:25,0
DA:27,0
DA:28,0
DA:29,0
DA:30,0
DA:32,0
DA:33,0
DA:34,0
DA:36,0
DA:37,0
DA:38,0
DA:39,0
DA:41,0
DA:42,0
DA:44,0
DA:45,0
DA:46,0
DA:47,0
DA:49,0
DA:50,0
DA:51,0
DA:53,0
DA:54,0
DA:55,0
DA:57,0
DA:58,0
LF:35
LH:0
BRDA:1,0,0,0
BRF:1
BRH:0
end_of_record
TN:
SF:src\components\NovelEditor\NovelEditor.tsx
FN:28,loadDarkMode
FN:83,mapApiChapter
FN:94,NovelEditor
FN:550,onClick
FN:566,onClick
FN:593,onClick
FN:630,onClick
FN:641,onClick
FN:678,onClose
FN:764,onChange
FN:830,onApplySuggestion
FN:831,onSuggestTitle
FN:865,onHide
FN:885,onChange
FN:897,onChange
FN:909,onChange
FN:913,onClick
FN:923,onHide
FN:950,onClick
FNF:19
FNH:6
FNDA:11,loadDarkMode
FNDA:12,mapApiChapter
FNDA:51,NovelEditor
FNDA:0,onClick
FNDA:0,onClick
FNDA:1,onClick
FNDA:0,onClick
FNDA:1,onClick
FNDA:0,onClose
FNDA:0,onChange
FNDA:1,onApplySuggestion
FNDA:0,onSuggestTitle
FNDA:0,onHide
FNDA:0,onChange
FNDA:0,onChange
FNDA:0,onChange
FNDA:0,onClick
FNDA:0,onHide
FNDA:0,onClick
DA:1,1
DA:2,1
DA:3,1
DA:4,1
DA:5,1
DA:6,1
DA:7,1
DA:8,1
DA:9,1
DA:10,1
DA:11,1
DA:12,1
DA:21,1
DA:22,1
DA:23,1
DA:25,1
DA:28,11
DA:29,11
DA:30,11
DA:31,11
DA:32,11
DA:33,0
DA:34,0
DA:35,11
DA:37,1
DA:68,1
DA:69,1
DA:70,1
DA:71,1
DA:72,1
DA:83,12
DA:84,12
DA:85,12
DA:86,12
DA:87,12
DA:88,12
DA:89,12
DA:90,12
DA:91,12
DA:92,12
DA:94,1
DA:95,51
DA:98,51
DA:99,51
DA:100,51
DA:101,51
DA:102,51
DA:105,51
DA:106,51
DA:109,51
DA:110,51
DA:113,51
DA:115,51
DA:116,51
DA:117,51
DA:119,51
DA:120,12
DA:121,12
DA:122,12
DA:124,0
DA:125,51
DA:128,51
DA:129,51
DA:132,51
DA:133,51
DA:134,51
DA:135,51
DA:136,51
DA:137,51
DA:138,51
DA:140,51
DA:141,3
DA:142,3
DA:143,51
DA:146,51
DA:147,11
DA:148,11
DA:149,11
DA:150,11
DA:151,11
DA:152,11
DA:153,11
DA:154,11
DA:155,11
DA:156,11
DA:157,11
DA:158,51
DA:161,51
DA:162,11
DA:164,11
DA:165,11
DA:166,11
DA:167,11
DA:168,11
DA:169,0
DA:170,0
DA:171,0
DA:172,0
DA:173,11
DA:174,11
DA:175,11
DA:176,11
DA:177,11
DA:178,11
DA:179,11
DA:180,11
DA:181,11
DA:182,11
DA:184,11
DA:185,11
DA:186,11
DA:187,10
DA:188,10
DA:189,10
DA:190,10
DA:191,10
DA:192,10
DA:193,10
DA:194,10
DA:195,10
DA:196,0
DA:197,0
DA:198,0
DA:199,0
DA:200,0
DA:201,11
DA:202,11
DA:204,11
DA:205,51
DA:210,51
DA:211,51
DA:212,3
DA:213,3
DA:214,3
DA:215,3
DA:216,3
DA:217,3
DA:218,2
DA:219,2
DA:220,2
DA:221,2
DA:222,2
DA:223,2
DA:224,2
DA:225,2
DA:226,2
DA:227,2
DA:228,2
DA:229,2
DA:230,2
DA:231,2
DA:232,2
DA:233,2
DA:234,2
DA:235,3
DA:236,1
DA:237,1
DA:238,1
DA:239,1
DA:240,3
DA:241,51
DA:242,51
DA:245,51
DA:246,51
DA:247,7
DA:248,7
DA:249,7
DA:250,7
DA:251,7
DA:252,7
DA:253,7
DA:254,0
DA:255,7
DA:256,7
DA:258,7
DA:259,7
DA:260,1
DA:261,7
DA:262,7
DA:263,51
DA:264,51
DA:267,51
DA:268,2
DA:269,2
DA:270,2
DA:271,2
DA:272,2
DA:273,2
DA:274,2
DA:275,0
DA:276,2
DA:277,2
DA:278,2
DA:279,51
DA:282,51
DA:283,51
DA:284,0
DA:285,0
DA:286,0
DA:287,0
DA:288,0
DA:289,0
DA:290,0
DA:291,0
DA:292,0
DA:293,0
DA:294,0
DA:295,0
DA:296,51
DA:297,51
DA:300,51
DA:301,0
DA:302,0
DA:303,0
DA:304,0
DA:305,0
DA:306,0
DA:307,0
DA:308,0
DA:309,0
DA:310,0
DA:311,0
DA:312,0
DA:313,0
DA:314,0
DA:315,0
DA:316,0
DA:317,51
DA:320,51
DA:321,51
DA:322,0
DA:323,0
DA:324,0
DA:325,0
DA:326,0
DA:327,0
DA:328,0
DA:329,0
DA:330,0
DA:331,0
DA:332,0
DA:333,0
DA:334,0
DA:335,0
DA:336,0
DA:337,0
DA:338,0
DA:339,0
DA:340,0
DA:341,51
DA:342,51
DA:345,51
DA:346,51
DA:347,0
DA:348,0
DA:349,0
DA:350,0
DA:351,51
DA:352,51
DA:356,51
DA:357,51
DA:358,1
DA:359,1
DA:360,1
DA:361,1
DA:362,1
DA:363,1
DA:364,1
DA:365,1
DA:366,1
DA:368,1
DA:369,1
DA:370,1
DA:371,1
DA:372,51
DA:373,51
DA:375,51
DA:376,51
DA:377,1
DA:378,1
DA:379,1
DA:380,1
DA:381,1
DA:383,1
DA:384,1
DA:385,1
DA:386,1
DA:387,51
DA:388,51
DA:391,51
DA:392,51
DA:393,0
DA:394,0
DA:395,0
DA:396,0
DA:398,0
DA:399,0
DA:400,0
DA:401,0
DA:402,51
DA:403,51
DA:406,51
DA:407,0
DA:408,0
DA:409,0
DA:410,0
DA:411,0
DA:412,0
DA:413,0
DA:414,0
DA:415,0
DA:416,0
DA:417,0
DA:418,0
DA:419,0
DA:420,0
DA:421,0
DA:422,51
DA:425,51
DA:426,2
DA:427,2
DA:428,2
DA:429,2
DA:430,2
DA:431,2
DA:432,2
DA:433,1
DA:434,1
DA:436,1
DA:437,1
DA:438,2
DA:439,0
DA:440,0
DA:441,0
DA:443,1
DA:444,1
DA:445,2
DA:446,0
DA:447,0
DA:448,2
DA:449,1
DA:450,1
DA:451,1
DA:452,1
DA:453,1
DA:454,1
DA:455,1
DA:456,51
DA:459,51
DA:460,0
DA:461,0
DA:462,0
DA:463,0
DA:464,0
DA:465,0
DA:466,0
DA:467,0
DA:468,0
DA:469,51
DA:472,51
DA:473,51
DA:474,0
DA:475,0
DA:476,0
DA:477,0
DA:478,0
DA:479,0
DA:480,0
DA:481,0
DA:482,0
DA:483,0
DA:484,0
DA:485,0
DA:486,51
DA:487,51
DA:492,51
DA:494,51
DA:496,51
DA:497,51
DA:498,19
DA:499,19
DA:500,19
DA:502,19
DA:503,19
DA:505,19
DA:506,19
DA:509,31
DA:510,31
DA:511,31
DA:512,31
DA:513,31
DA:514,31
DA:515,30
DA:516,1
DA:517,51
DA:518,51
DA:521,51
DA:522,51
DA:523,51
DA:524,51
DA:525,51
DA:526,51
DA:527,51
DA:529,51
DA:531,51
DA:532,51
DA:533,51
DA:534,51
DA:535,51
DA:537,51
DA:538,51
DA:539,51
DA:540,51
DA:542,51
DA:543,51
DA:544,51
DA:545,51
DA:546,51
DA:547,30
DA:548,30
DA:549,30
DA:550,30
DA:551,0
DA:552,0
DA:553,0
DA:554,30
DA:556,30
DA:557,30
DA:558,0
DA:560,0
DA:562,30
DA:563,51
DA:564,51
DA:565,51
DA:566,51
DA:567,51
DA:569,51
DA:570,51
DA:571,51
DA:572,30
DA:573,30
DA:574,30
DA:576,51
DA:577,51
DA:580,51
DA:581,51
DA:582,51
DA:583,51
DA:584,51
DA:585,51
DA:586,51
DA:587,51
DA:588,51
DA:589,186
DA:590,186
DA:591,186
DA:592,186
DA:593,186
DA:594,186
DA:596,186
DA:597,186
DA:598,186
DA:599,51
DA:600,51
DA:601,51
DA:603,51
DA:605,51
DA:606,3
DA:607,3
DA:608,3
DA:610,51
DA:611,2
DA:612,2
DA:613,2
DA:615,51
DA:616,1
DA:617,1
DA:618,1
DA:621,51
DA:622,51
DA:623,51
DA:624,51
DA:625,51
DA:626,51
DA:628,51
DA:629,51
DA:630,51
DA:631,51
DA:632,51
DA:633,51
DA:634,51
DA:635,51
DA:636,51
DA:638,51
DA:639,51
DA:640,51
DA:641,51
DA:642,51
DA:643,51
DA:644,51
DA:646,51
DA:647,51
DA:649,51
DA:650,51
DA:651,51
DA:652,51
DA:653,51
DA:655,51
DA:656,51
DA:657,51
DA:658,51
DA:659,51
DA:660,51
DA:661,51
DA:662,51
DA:663,51
DA:664,51
DA:665,51
DA:666,51
DA:667,51
DA:668,51
DA:669,51
DA:670,51
DA:671,51
DA:674,51
DA:675,3
DA:676,3
DA:677,3
DA:678,3
DA:679,3
DA:680,3
DA:682,3
DA:683,3
DA:687,51
DA:689,51
DA:690,51
DA:691,51
DA:692,51
DA:693,30
DA:694,1
DA:695,51
DA:696,51
DA:697,51
DA:699,51
DA:700,51
DA:701,30
DA:702,30
DA:703,30
DA:704,30
DA:705,30
DA:706,30
DA:707,30
DA:708,30
DA:709,30
DA:710,30
DA:712,51
DA:713,1
DA:714,1
DA:715,1
DA:716,1
DA:717,1
DA:718,1
DA:720,51
DA:721,0
DA:723,51
DA:724,0
DA:726,51
DA:727,0
DA:728,0
DA:729,0
DA:730,0
DA:731,0
DA:733,51
DA:734,51
DA:737,51
DA:738,51
DA:739,51
DA:740,51
DA:741,30
DA:742,1
DA:743,51
DA:744,51
DA:745,51
DA:747,51
DA:748,51
DA:749,51
DA:750,51
DA:752,51
DA:753,51
DA:754,51
DA:756,51
DA:757,51
DA:759,51
DA:760,51
DA:761,51
DA:762,51
DA:763,51
DA:764,51
DA:765,0
DA:766,0
DA:767,0
DA:768,0
DA:769,51
DA:770,51
DA:771,51
DA:772,30
DA:773,1
DA:774,51
DA:775,51
DA:776,51
DA:777,51
DA:778,51
DA:779,51
DA:780,51
DA:781,51
DA:782,51
DA:784,51
DA:785,51
DA:786,51
DA:788,51
DA:789,51
DA:790,51
DA:791,51
DA:793,51
DA:794,51
DA:796,51
DA:797,51
DA:799,51
DA:800,51
DA:801,51
DA:802,51
DA:803,51
DA:804,30
DA:805,1
DA:806,51
DA:807,51
DA:808,51
DA:809,51
DA:810,51
DA:812,51
DA:813,51
DA:814,51
DA:815,51
DA:816,51
DA:817,51
DA:818,51
DA:820,51
DA:821,51
DA:822,51
DA:823,51
DA:824,51
DA:825,51
DA:826,51
DA:827,51
DA:830,51
DA:831,51
DA:832,0
DA:833,0
DA:834,0
DA:835,51
DA:836,51
DA:837,51
DA:840,51
DA:841,51
DA:842,51
DA:843,51
DA:844,30
DA:845,1
DA:846,51
DA:847,51
DA:849,51
DA:850,51
DA:851,51
DA:852,51
DA:853,51
DA:854,51
DA:855,51
DA:856,51
DA:857,51
DA:858,0
DA:860,51
DA:861,51
DA:862,51
DA:865,51
DA:866,51
DA:867,51
DA:868,51
DA:869,51
DA:870,51
DA:871,51
DA:873,51
DA:874,51
DA:875,51
DA:876,51
DA:877,51
DA:878,51
DA:879,51
DA:880,51
DA:881,51
DA:882,51
DA:883,51
DA:884,51
DA:885,51
DA:886,51
DA:887,51
DA:888,51
DA:889,51
DA:890,51
DA:891,51
DA:892,51
DA:893,51
DA:894,51
DA:895,51
DA:896,51
DA:897,51
DA:898,51
DA:899,51
DA:900,51
DA:901,51
DA:902,51
DA:903,51
DA:904,51
DA:905,51
DA:906,51
DA:907,51
DA:908,51
DA:909,51
DA:910,51
DA:911,51
DA:912,51
DA:913,51
DA:915,51
DA:916,51
DA:918,51
DA:919,51
DA:920,51
DA:923,51
DA:924,51
DA:925,51
DA:926,51
DA:927,51
DA:928,51
DA:929,51
DA:930,51
DA:931,0
DA:932,0
DA:933,0
DA:934,0
DA:935,0
DA:936,0
DA:938,51
DA:939,51
DA:940,51
DA:941,51
DA:942,51
DA:943,51
DA:944,51
DA:945,51
DA:946,51
DA:947,51
DA:948,51
DA:949,51
DA:950,51
DA:952,51
DA:953,51
DA:954,51
DA:955,51
DA:957,51
DA:959,1
LF:769
LH:629
BRDA:28,0,0,11
BRDA:31,1,0,0
BRDA:32,2,0,0
BRDA:83,3,0,12
BRDA:94,4,0,51
BRDA:497,5,0,19
BRDA:506,6,0,31
BRDA:514,7,0,30
BRDA:515,8,0,1
BRDA:524,9,0,30
BRDA:524,10,0,1
BRDA:526,11,0,30
BRDA:526,12,0,1
BRDA:533,13,0,30
BRDA:533,14,0,1
BRDA:542,15,0,30
BRDA:542,16,0,1
BRDA:545,17,0,30
BRDA:545,18,0,1
BRDA:571,19,0,30
BRDA:605,20,0,3
BRDA:610,21,0,2
BRDA:615,22,0,1
BRDA:643,23,0,30
BRDA:643,24,0,1
BRDA:644,25,0,30
BRDA:644,26,0,1
BRDA:646,27,0,30
BRDA:646,28,0,1
BRDA:651,29,0,30
BRDA:651,30,0,1
BRDA:657,31,0,30
BRDA:657,32,0,1
BRDA:660,33,0,30
BRDA:660,34,0,1
BRDA:661,35,0,30
BRDA:661,36,0,1
BRDA:662,37,0,30
BRDA:665,38,0,30
BRDA:665,39,0,1
BRDA:674,40,0,3
BRDA:692,41,0,30
BRDA:693,42,0,1
BRDA:695,43,0,30
BRDA:695,44,0,1
BRDA:700,45,0,30
BRDA:703,46,0,2
BRDA:712,47,0,1
BRDA:720,48,0,0
BRDA:723,49,0,0
BRDA:726,50,0,0
BRDA:740,51,0,30
BRDA:741,52,0,1
BRDA:743,53,0,30
BRDA:743,54,0,1
BRDA:750,55,0,30
BRDA:750,56,0,1
BRDA:771,57,0,30
BRDA:772,58,0,1
BRDA:774,59,0,30
BRDA:774,60,0,1
BRDA:775,61,0,30
BRDA:775,62,0,1
BRDA:786,63,0,30
BRDA:786,64,0,1
BRDA:797,65,0,30
BRDA:797,66,0,1
BRDA:803,67,0,30
BRDA:804,68,0,1
BRDA:806,69,0,30
BRDA:806,70,0,1
BRDA:826,71,0,30
BRDA:843,72,0,30
BRDA:844,73,0,1
BRDA:857,74,0,0
BRDA:869,75,0,30
BRDA:869,76,0,1
BRDA:870,77,0,30
BRDA:870,78,0,1
BRDA:875,79,0,30
BRDA:875,80,0,1
BRDA:881,81,0,30
BRDA:881,82,0,1
BRDA:882,83,0,30
BRDA:882,84,0,1
BRDA:893,85,0,30
BRDA:893,86,0,1
BRDA:894,87,0,30
BRDA:894,88,0,1
BRDA:905,89,0,30
BRDA:905,90,0,1
BRDA:906,91,0,30
BRDA:906,92,0,1
BRDA:912,93,0,30
BRDA:912,94,0,1
BRDA:926,95,0,2
BRDA:930,96,0,30
BRDA:930,97,0,0
BRDA:119,98,0,12
BRDA:122,99,0,0
BRDA:140,100,0,3
BRDA:146,101,0,11
BRDA:149,102,0,11
BRDA:151,103,0,0
BRDA:153,104,0,0
BRDA:154,105,0,11
BRDA:161,106,0,11
BRDA:162,107,0,0
BRDA:166,108,0,11
BRDA:179,109,0,11
BRDA:186,110,0,10
BRDA:195,111,0,0
BRDA:202,112,0,1
BRDA:204,113,0,11
BRDA:211,114,0,3
BRDA:215,115,0,2
BRDA:217,116,0,2
BRDA:235,117,0,1
BRDA:218,118,0,2
BRDA:219,119,0,2
BRDA:220,120,0,0
BRDA:225,121,0,1
BRDA:246,122,0,7
BRDA:258,123,0,5
BRDA:250,124,0,7
BRDA:251,125,0,7
BRDA:253,126,0,0
BRDA:259,127,0,1
BRDA:267,128,0,2
BRDA:268,129,0,0
BRDA:270,130,0,0
BRDA:274,131,0,0
BRDA:357,132,0,1
BRDA:365,133,0,0
BRDA:358,134,0,2
BRDA:364,135,0,2
BRDA:376,136,0,1
BRDA:379,137,0,0
BRDA:380,138,0,0
BRDA:381,139,0,0
BRDA:381,140,0,0
BRDA:383,141,0,0
BRDA:377,142,0,1
BRDA:378,143,0,2
BRDA:425,144,0,2
BRDA:427,145,0,0
BRDA:432,146,0,1
BRDA:438,147,0,0
BRDA:441,148,0,1
BRDA:445,149,0,0
BRDA:448,150,0,1
BRDA:426,151,0,2
BRDA:443,152,0,1
BRDA:492,153,0,21
BRDA:494,154,0,38
BRDA:546,155,0,30
BRDA:554,156,0,29
BRDA:554,157,0,1
BRDA:557,158,0,0
BRDA:588,159,0,186
BRDA:591,160,0,31
BRDA:591,161,0,155
BRDA:593,162,0,1
BRDA:641,163,0,1
BRDA:830,164,0,1
BRDA:830,165,0,1
BRF:166
BRH:139
end_of_record
TN:
SF:src\components\NovelEditor\ai\AIAssistant.tsx
FN:24,AIAssistant
FN:38,handleSuggest
FN:97,onClick
FN:135,onClick
FN:149,onClick
FN:180,onClick
FN:188,onClick
FN:196,onClick
FNF:8
FNH:5
FNDA:54,AIAssistant
FNDA:8,handleSuggest
FNDA:8,onClick
FNDA:1,onClick
FNDA:0,onClick
FNDA:2,onClick
FNDA:0,onClick
FNDA:0,onClick
DA:1,1
DA:2,1
DA:3,1
DA:4,1
DA:14,1
DA:15,1
DA:16,1
DA:17,1
DA:18,1
DA:19,1
DA:20,1
DA:21,1
DA:22,1
DA:24,1
DA:25,54
DA:26,54
DA:27,54
DA:28,54
DA:29,54
DA:30,54
DA:31,54
DA:32,54
DA:33,54
DA:34,54
DA:36,54
DA:38,54
DA:39,8
DA:40,1
DA:41,1
DA:42,1
DA:43,7
DA:44,7
DA:45,7
DA:46,7
DA:47,7
DA:49,7
DA:50,7
DA:51,8
DA:52,1
DA:53,1
DA:54,1
DA:55,1
DA:56,1
DA:57,8
DA:58,4
DA:59,4
DA:60,8
DA:62,2
DA:63,8
DA:64,7
DA:65,7
DA:66,8
DA:68,54
DA:69,54
DA:70,54
DA:71,54
DA:72,54
DA:73,53
DA:74,1
DA:75,54
DA:76,54
DA:78,54
DA:79,54
DA:80,54
DA:81,54
DA:82,54
DA:84,54
DA:85,54
DA:86,378
DA:87,378
DA:88,378
DA:89,378
DA:90,6
DA:91,372
DA:92,365
DA:93,7
DA:95,378
DA:96,378
DA:97,378
DA:98,378
DA:100,378
DA:101,378
DA:102,378
DA:103,54
DA:104,54
DA:106,54
DA:107,7
DA:108,7
DA:109,7
DA:110,7
DA:113,54
DA:114,3
DA:115,3
DA:116,3
DA:117,3
DA:119,3
DA:120,3
DA:121,3
DA:125,54
DA:126,1
DA:127,1
DA:128,1
DA:129,1
DA:130,3
DA:131,3
DA:132,3
DA:133,3
DA:134,3
DA:135,3
DA:136,1
DA:137,1
DA:138,1
DA:139,1
DA:141,3
DA:142,3
DA:143,1
DA:144,1
DA:145,1
DA:146,1
DA:147,1
DA:148,1
DA:149,1
DA:150,0
DA:151,0
DA:152,0
DA:154,1
DA:155,1
DA:156,1
DA:160,54
DA:161,5
DA:162,5
DA:163,5
DA:164,5
DA:165,5
DA:166,5
DA:167,5
DA:168,5
DA:169,5
DA:170,5
DA:171,5
DA:173,5
DA:174,5
DA:175,5
DA:176,5
DA:177,5
DA:178,5
DA:179,5
DA:180,5
DA:182,5
DA:183,5
DA:184,5
DA:185,5
DA:186,5
DA:187,5
DA:188,5
DA:190,5
DA:191,5
DA:192,5
DA:193,5
DA:194,5
DA:195,5
DA:196,5
DA:197,0
DA:198,0
DA:199,0
DA:201,5
DA:202,5
DA:203,5
DA:204,5
DA:206,54
DA:208,54
DA:210,1
LF:172
LH:166
BRDA:24,0,0,54
BRDA:72,1,0,53
BRDA:73,2,0,1
BRDA:75,3,0,53
BRDA:75,4,0,1
BRDA:106,5,0,7
BRDA:113,6,0,3
BRDA:125,7,0,1
BRDA:125,8,0,1
BRDA:160,9,0,5
BRDA:160,10,0,5
BRDA:177,11,0,0
BRDA:185,12,0,0
BRDA:38,13,0,8
BRDA:39,14,0,1
BRDA:42,15,0,7
BRDA:50,16,0,5
BRDA:51,17,0,1
BRDA:57,18,0,4
BRDA:60,19,0,2
BRDA:63,20,0,7
BRDA:54,21,0,4
BRDA:55,22,0,4
BRDA:85,23,0,378
BRDA:89,24,0,15
BRDA:89,25,0,10
BRDA:89,26,0,6
BRDA:90,27,0,372
BRDA:91,28,0,365
BRDA:92,29,0,7
BRDA:97,30,0,8
BRDA:129,31,0,3
BRDA:132,32,0,0
BRDA:135,33,0,1
BRDA:180,34,0,2
BRF:35
BRH:32
end_of_record
TN:
SF:src\components\NovelEditor\chapters\ChaptersList.tsx
FN:24,ChaptersList
FN:39,endDrag
FN:44,handleDrop
FN:52,handleKeyDown
FN:85,onMouseEnter
FN:89,onMouseLeave
FN:122,onKeyDown
FN:123,onDragStart
FN:129,onDragOver
FN:134,onDragLeave
FN:135,onDrop
FN:140,onClick
FN:141,onMouseEnter
FN:142,onMouseLeave
FN:188,onClick
FN:203,onClick
FN:217,onMouseEnter
FN:220,onMouseLeave
FN:236,onClick
FN:255,onMouseEnter
FN:259,onMouseLeave
FN:269,onClick
FN:286,onMouseEnter
FN:290,onMouseLeave
FNF:24
FNH:16
FNDA:54,ChaptersList
FNDA:2,endDrag
FNDA:2,handleDrop
FNDA:3,handleKeyDown
FNDA:1,onMouseEnter
FNDA:0,onMouseLeave
FNDA:3,onKeyDown
FNDA:2,onDragStart
FNDA:1,onDragOver
FNDA:0,onDragLeave
FNDA:2,onDrop
FNDA:1,onClick
FNDA:8,onMouseEnter
FNDA:0,onMouseLeave
FNDA:4,onClick
FNDA:2,onClick
FNDA:2,onMouseEnter
FNDA:0,onMouseLeave
FNDA:0,onClick
FNDA:0,onMouseEnter
FNDA:0,onMouseLeave
FNDA:2,onClick
FNDA:2,onMouseEnter
FNDA:0,onMouseLeave
DA:1,1
DA:24,1
DA:25,54
DA:26,54
DA:27,54
DA:28,54
DA:29,54
DA:30,54
DA:31,54
DA:32,54
DA:33,54
DA:34,54
DA:35,54
DA:36,54
DA:37,54
DA:39,54
DA:40,2
DA:41,2
DA:42,2
DA:44,54
DA:45,2
DA:46,1
DA:47,1
DA:48,2
DA:49,2
DA:52,54
DA:53,3
DA:54,3
DA:55,1
DA:56,1
DA:57,1
DA:58,1
DA:59,1
DA:60,1
DA:61,3
DA:63,54
DA:64,54
DA:65,54
DA:66,54
DA:67,54
DA:69,54
DA:70,54
DA:71,54
DA:72,54
DA:73,54
DA:74,54
DA:75,54
DA:76,54
DA:77,54
DA:78,54
DA:79,54
DA:80,54
DA:81,54
DA:82,54
DA:83,54
DA:84,54
DA:85,54
DA:86,1
DA:87,1
DA:88,1
DA:89,54
DA:90,0
DA:91,0
DA:92,0
DA:94,54
DA:95,54
DA:96,54
DA:98,54
DA:99,54
DA:100,54
DA:101,54
DA:103,54
DA:105,54
DA:106,54
DA:107,102
DA:108,102
DA:109,102
DA:110,102
DA:111,102
DA:112,49
DA:113,53
DA:115,102
DA:116,102
DA:117,102
DA:118,102
DA:119,102
DA:120,102
DA:121,102
DA:122,102
DA:123,102
DA:124,2
DA:125,2
DA:127,2
DA:128,2
DA:129,102
DA:130,1
DA:131,1
DA:132,1
DA:133,1
DA:134,102
DA:135,102
DA:136,2
DA:137,2
DA:138,2
DA:139,102
DA:140,102
DA:141,102
DA:142,102
DA:143,102
DA:144,102
DA:145,102
DA:146,102
DA:147,49
DA:148,53
DA:149,53
DA:150,0
DA:151,102
DA:152,102
DA:153,102
DA:154,102
DA:157,102
DA:158,102
DA:159,102
DA:160,102
DA:161,102
DA:162,102
DA:163,102
DA:164,102
DA:165,102
DA:166,102
DA:167,102
DA:168,102
DA:169,102
DA:170,102
DA:171,102
DA:173,102
DA:174,102
DA:175,102
DA:176,102
DA:178,102
DA:179,102
DA:180,102
DA:181,102
DA:182,102
DA:185,102
DA:186,56
DA:187,56
DA:188,56
DA:191,56
DA:192,56
DA:193,56
DA:194,56
DA:195,56
DA:196,56
DA:197,56
DA:198,56
DA:199,56
DA:201,56
DA:202,56
DA:203,56
DA:204,56
DA:205,56
DA:206,56
DA:207,56
DA:208,56
DA:209,56
DA:210,56
DA:211,56
DA:212,56
DA:213,56
DA:214,56
DA:215,56
DA:216,56
DA:217,56
DA:218,2
DA:219,2
DA:220,56
DA:221,0
DA:222,0
DA:224,56
DA:225,56
DA:226,56
DA:227,56
DA:228,56
DA:229,56
DA:230,56
DA:231,56
DA:232,56
DA:233,56
DA:234,56
DA:235,56
DA:236,56
DA:237,56
DA:238,56
DA:239,56
DA:240,56
DA:241,56
DA:242,56
DA:243,56
DA:244,29
DA:245,27
DA:246,24
DA:247,3
DA:248,56
DA:249,56
DA:250,56
DA:251,56
DA:252,56
DA:253,56
DA:254,56
DA:255,56
DA:256,0
DA:257,0
DA:258,0
DA:259,56
DA:260,0
DA:261,0
DA:263,56
DA:264,56
DA:265,56
DA:268,56
DA:269,56
DA:270,2
DA:271,2
DA:272,56
DA:273,56
DA:274,56
DA:275,56
DA:276,56
DA:277,56
DA:278,56
DA:279,56
DA:280,56
DA:281,56
DA:282,56
DA:283,56
DA:284,56
DA:285,56
DA:286,56
DA:287,2
DA:288,2
DA:289,2
DA:290,56
DA:291,0
DA:292,0
DA:293,0
DA:295,56
DA:296,56
DA:297,56
DA:299,102
DA:301,54
DA:302,54
DA:303,54
DA:305,54
DA:307,1
LF:255
LH:241
BRDA:24,0,0,54
BRDA:66,1,0,53
BRDA:66,2,0,1
BRDA:99,3,0,53
BRDA:99,4,0,1
BRDA:37,5,0,94
BRDA:39,6,0,2
BRDA:44,7,0,2
BRDA:45,8,0,1
BRDA:52,9,0,3
BRDA:53,10,0,1
BRDA:53,11,0,2
BRDA:54,12,0,1
BRDA:85,13,0,1
BRDA:106,14,0,102
BRDA:110,15,0,1
BRDA:111,16,0,49
BRDA:112,17,0,53
BRDA:113,18,0,0
BRDA:145,19,0,3
BRDA:145,20,0,99
BRDA:146,21,0,49
BRDA:147,22,0,53
BRDA:149,23,0,0
BRDA:152,24,0,1
BRDA:152,25,0,101
BRDA:162,26,0,49
BRDA:162,27,0,53
BRDA:170,28,0,49
BRDA:170,29,0,53
BRDA:170,30,0,0
BRDA:176,31,0,49
BRDA:176,32,0,53
BRDA:176,33,0,0
BRDA:185,34,0,92
BRDA:185,35,0,56
BRDA:195,36,0,49
BRDA:195,37,0,7
BRDA:209,38,0,48
BRDA:209,39,0,8
BRDA:209,40,0,3
BRDA:209,41,0,5
BRDA:210,42,0,48
BRDA:210,43,0,8
BRDA:243,44,0,29
BRDA:244,45,0,27
BRDA:245,46,0,24
BRDA:246,47,0,3
BRDA:248,48,0,29
BRDA:248,49,0,27
BRDA:122,50,0,3
BRDA:123,51,0,2
BRDA:129,52,0,1
BRDA:135,53,0,2
BRDA:140,54,0,1
BRDA:141,55,0,8
BRDA:188,56,0,4
BRDA:203,57,0,2
BRDA:217,58,0,2
BRDA:269,59,0,2
BRDA:270,60,0,1
BRDA:286,61,0,2
BRF:62
BRH:58
end_of_record
TN:
SF:src\components\NovelEditor\characters\CharactersList.tsx
FN:19,getInitials
FN:23,getRoleColor
FN:27,pillBtn
FN:41,CharactersList
FN:67,resetForm
FN:73,handleSubmit
FN:90,handleEdit
FN:104,handleDelete
FN:139,onMouseEnter
FN:143,onMouseLeave
FN:147,onClick
FN:182,onChange
FN:189,onChange
FN:200,onChange
FN:210,onChange
FN:220,onChange
FN:229,onChange
FN:234,onMouseEnter
FN:238,onMouseLeave
FN:249,onMouseEnter
FN:250,onMouseLeave
FN:279,onClick
FN:430,onMouseEnter
FN:434,onMouseLeave
FN:438,onClick
FN:444,onMouseEnter
FN:448,onMouseLeave
FN:452,onClick
FNF:28
FNH:14
FNDA:5,getInitials
FNDA:5,getRoleColor
FNDA:40,pillBtn
FNDA:22,CharactersList
FNDA:3,resetForm
FNDA:2,handleSubmit
FNDA:0,handleEdit
FNDA:1,handleDelete
FNDA:2,onMouseEnter
FNDA:0,onMouseLeave
FNDA:2,onClick
FNDA:4,onChange
FNDA:0,onChange
FNDA:0,onChange
FNDA:0,onChange
FNDA:0,onChange
FNDA:0,onChange
FNDA:2,onMouseEnter
FNDA:0,onMouseLeave
FNDA:0,onMouseEnter
FNDA:0,onMouseLeave
FNDA:1,onClick
FNDA:0,onMouseEnter
FNDA:0,onMouseLeave
FNDA:0,onClick
FNDA:1,onMouseEnter
FNDA:0,onMouseLeave
FNDA:1,onClick
DA:1,1
DA:2,1
DA:3,1
DA:4,1
DA:11,1
DA:12,1
DA:13,1
DA:14,1
DA:15,1
DA:16,1
DA:17,1
DA:19,5
DA:20,5
DA:21,5
DA:23,5
DA:24,5
DA:25,5
DA:27,1
DA:28,40
DA:29,40
DA:30,40
DA:31,40
DA:32,40
DA:33,40
DA:34,40
DA:35,40
DA:36,40
DA:37,40
DA:38,40
DA:39,40
DA:41,1
DA:42,22
DA:43,22
DA:44,22
DA:45,22
DA:46,22
DA:47,22
DA:48,22
DA:49,22
DA:50,22
DA:51,22
DA:52,22
DA:53,22
DA:54,22
DA:55,22
DA:57,22
DA:58,6
DA:59,6
DA:60,6
DA:61,5
DA:62,5
DA:63,6
DA:64,6
DA:65,22
DA:67,22
DA:68,3
DA:69,3
DA:70,3
DA:71,3
DA:73,22
DA:74,2
DA:75,2
DA:76,2
DA:77,0
DA:78,0
DA:79,2
DA:80,2
DA:81,1
DA:82,1
DA:83,1
DA:84,1
DA:85,1
DA:86,1
DA:87,1
DA:88,2
DA:90,22
DA:91,0
DA:92,0
DA:93,0
DA:94,0
DA:95,0
DA:96,0
DA:97,0
DA:98,0
DA:99,0
DA:100,0
DA:101,0
DA:102,0
DA:104,22
DA:105,1
DA:106,1
DA:107,1
DA:108,0
DA:109,0
DA:110,0
DA:111,1
DA:112,1
DA:113,1
DA:114,1
DA:116,22
DA:117,22
DA:118,22
DA:119,22
DA:120,22
DA:121,22
DA:122,22
DA:124,22
DA:125,22
DA:127,22
DA:128,22
DA:129,22
DA:130,22
DA:131,22
DA:132,22
DA:134,22
DA:135,22
DA:136,22
DA:137,22
DA:138,22
DA:139,22
DA:140,2
DA:141,2
DA:142,2
DA:143,22
DA:144,0
DA:145,0
DA:146,0
DA:147,22
DA:148,2
DA:149,2
DA:150,2
DA:152,22
DA:153,22
DA:154,22
DA:156,22
DA:157,3
DA:158,3
DA:159,3
DA:160,3
DA:162,3
DA:163,3
DA:164,3
DA:168,22
DA:169,7
DA:170,7
DA:171,7
DA:172,7
DA:173,7
DA:174,7
DA:176,7
DA:177,7
DA:178,7
DA:179,7
DA:180,7
DA:181,7
DA:182,7
DA:183,7
DA:184,7
DA:185,7
DA:186,7
DA:187,7
DA:188,7
DA:189,7
DA:190,7
DA:191,7
DA:192,7
DA:193,7
DA:194,7
DA:195,7
DA:196,7
DA:197,7
DA:198,7
DA:199,7
DA:200,7
DA:201,7
DA:202,7
DA:203,7
DA:204,7
DA:205,7
DA:206,7
DA:207,7
DA:208,7
DA:209,7
DA:210,7
DA:211,7
DA:212,7
DA:213,7
DA:214,7
DA:215,7
DA:216,7
DA:217,7
DA:218,7
DA:219,7
DA:220,7
DA:221,7
DA:222,7
DA:223,7
DA:224,7
DA:225,7
DA:226,7
DA:227,7
DA:228,7
DA:229,7
DA:230,7
DA:231,7
DA:232,7
DA:233,7
DA:234,7
DA:235,2
DA:236,2
DA:237,2
DA:238,7
DA:239,0
DA:240,0
DA:241,0
DA:242,7
DA:244,7
DA:245,7
DA:246,7
DA:247,7
DA:248,7
DA:249,7
DA:250,7
DA:251,7
DA:252,7
DA:254,7
DA:255,7
DA:256,7
DA:260,22
DA:261,22
DA:262,5
DA:263,5
DA:265,5
DA:266,5
DA:267,5
DA:268,5
DA:269,5
DA:270,5
DA:271,5
DA:272,5
DA:273,5
DA:276,5
DA:277,5
DA:278,5
DA:279,5
DA:282,5
DA:283,0
DA:284,0
DA:285,0
DA:286,0
DA:287,0
DA:288,0
DA:289,0
DA:290,0
DA:291,0
DA:292,0
DA:293,0
DA:294,0
DA:296,5
DA:297,5
DA:298,5
DA:299,5
DA:300,5
DA:301,5
DA:302,5
DA:303,5
DA:304,5
DA:305,5
DA:306,5
DA:307,5
DA:308,5
DA:309,5
DA:310,5
DA:311,5
DA:313,5
DA:314,5
DA:317,5
DA:318,5
DA:319,5
DA:320,5
DA:321,5
DA:323,5
DA:324,5
DA:325,5
DA:326,5
DA:327,5
DA:328,5
DA:329,5
DA:330,5
DA:331,5
DA:332,5
DA:333,5
DA:334,5
DA:336,5
DA:337,5
DA:339,5
DA:340,5
DA:341,3
DA:342,3
DA:343,3
DA:345,3
DA:346,3
DA:348,5
DA:350,5
DA:351,5
DA:352,5
DA:353,5
DA:354,5
DA:357,5
DA:358,2
DA:359,2
DA:360,2
DA:361,2
DA:362,2
DA:364,2
DA:365,2
DA:366,2
DA:367,2
DA:368,2
DA:369,2
DA:370,2
DA:371,2
DA:372,2
DA:373,2
DA:374,2
DA:376,2
DA:377,2
DA:378,2
DA:379,2
DA:381,2
DA:382,2
DA:383,2
DA:385,2
DA:386,2
DA:387,2
DA:388,2
DA:389,2
DA:390,2
DA:391,2
DA:392,2
DA:393,2
DA:394,2
DA:396,2
DA:397,2
DA:398,2
DA:399,2
DA:401,2
DA:402,2
DA:403,2
DA:405,2
DA:406,2
DA:407,2
DA:408,2
DA:409,2
DA:410,2
DA:411,2
DA:412,2
DA:413,2
DA:414,2
DA:416,2
DA:417,2
DA:418,2
DA:419,2
DA:421,2
DA:422,2
DA:423,2
DA:425,2
DA:427,2
DA:428,2
DA:429,2
DA:430,2
DA:431,0
DA:432,0
DA:433,0
DA:434,2
DA:435,0
DA:436,0
DA:437,0
DA:438,2
DA:440,2
DA:441,2
DA:442,2
DA:443,2
DA:444,2
DA:445,1
DA:446,1
DA:447,1
DA:448,2
DA:449,0
DA:450,0
DA:451,0
DA:452,2
DA:454,2
DA:455,2
DA:456,2
DA:457,2
DA:459,5
DA:461,22
DA:462,22
DA:464,22
DA:465,10
DA:466,10
DA:467,10
DA:469,10
DA:470,10
DA:471,10
DA:472,10
DA:474,10
DA:476,22
DA:478,22
DA:480,1
LF:411
LH:367
BRDA:19,0,0,5
BRDA:23,1,0,5
BRDA:24,2,0,0
BRDA:27,3,0,40
BRDA:41,4,0,22
BRDA:117,5,0,0
BRDA:118,6,0,0
BRDA:119,7,0,0
BRDA:128,8,0,0
BRDA:156,9,0,3
BRDA:168,10,0,7
BRDA:172,11,0,0
BRDA:245,12,0,0
BRDA:248,13,0,0
BRDA:464,14,0,17
BRDA:464,15,0,10
BRDA:466,16,0,0
BRDA:57,17,0,6
BRDA:60,18,0,5
BRDA:64,19,0,1
BRDA:67,20,0,3
BRDA:73,21,0,2
BRDA:74,22,0,0
BRDA:76,23,0,0
BRDA:80,24,0,1
BRDA:81,25,0,1
BRDA:104,26,0,1
BRDA:105,27,0,0
BRDA:107,28,0,0
BRDA:139,29,0,2
BRDA:147,30,0,2
BRDA:149,31,0,2
BRDA:182,32,0,4
BRDA:182,33,0,4
BRDA:234,34,0,2
BRDA:261,35,0,5
BRDA:270,36,0,0
BRDA:271,37,0,0
BRDA:282,38,0,0
BRDA:320,39,0,0
BRDA:340,40,0,3
BRDA:342,41,0,0
BRDA:351,42,0,2
BRDA:351,43,0,3
BRDA:351,44,0,0
BRDA:357,45,0,2
BRDA:361,46,0,0
BRDA:368,47,0,0
BRDA:378,48,0,0
BRDA:388,49,0,0
BRDA:398,50,0,0
BRDA:408,51,0,0
BRDA:418,52,0,0
BRDA:279,53,0,1
BRDA:279,54,0,0
BRDA:444,55,0,1
BRDA:452,56,0,1
BRF:57
BRH:30
end_of_record
TN:
SF:src\components\NovelEditor\drafts\DraftsList.tsx
FN:12,DraftsList
FNF:1
FNH:0
FNDA:0,DraftsList
DA:1,1
DA:2,1
DA:3,1
DA:4,1
DA:12,1
DA:13,0
DA:14,0
DA:16,0
DA:17,0
DA:18,0
DA:19,0
DA:20,0
DA:21,0
DA:22,0
DA:23,0
DA:24,0
DA:25,0
DA:27,0
DA:28,0
DA:29,0
DA:30,0
DA:31,0
DA:32,0
DA:33,0
DA:34,0
DA:35,0
DA:36,0
DA:37,0
DA:39,0
DA:40,0
DA:42,0
DA:43,0
DA:44,0
DA:45,0
DA:46,0
DA:48,0
DA:49,0
DA:51,0
DA:52,0
DA:54,0
DA:55,0
DA:56,0
DA:57,0
DA:58,0
DA:60,0
DA:61,0
DA:62,0
DA:65,0
DA:66,0
DA:67,0
DA:68,0
DA:69,0
DA:71,0
DA:72,0
DA:73,0
DA:74,0
DA:75,0
DA:76,0
DA:77,0
DA:78,0
DA:79,0
DA:81,0
DA:82,0
DA:84,0
DA:85,0
DA:86,0
DA:87,0
DA:88,0
DA:89,0
DA:91,0
DA:92,0
DA:93,0
DA:94,0
DA:95,0
DA:97,0
DA:98,0
DA:99,0
DA:100,0
DA:102,0
DA:104,0
DA:106,0
DA:108,1
LF:82
LH:6
BRF:0
BRH:0
end_of_record
TN:
SF:src\components\NovelEditor\outline\OutlinePanel.tsx
FN:26,OutlinePanel
FN:67,onClick
FNF:2
FNH:2
FNDA:7,OutlinePanel
FNDA:1,onClick
DA:2,1
DA:26,1
DA:27,7
DA:28,7
DA:29,7
DA:31,7
DA:32,7
DA:33,7
DA:34,7
DA:35,7
DA:37,7
DA:38,7
DA:39,7
DA:40,7
DA:41,7
DA:43,7
DA:44,1
DA:45,1
DA:46,1
DA:48,1
DA:49,1
DA:50,1
DA:51,1
DA:53,1
DA:56,7
DA:57,7
DA:58,16
DA:60,16
DA:61,16
DA:63,16
DA:64,16
DA:65,16
DA:66,16
DA:67,16
DA:68,16
DA:69,16
DA:70,16
DA:71,16
DA:72,6
DA:73,10
DA:74,16
DA:75,6
DA:76,10
DA:77,10
DA:78,0
DA:79,16
DA:80,16
DA:82,16
DA:83,16
DA:84,16
DA:85,16
DA:87,16
DA:88,16
DA:89,16
DA:90,16
DA:92,16
DA:93,16
DA:94,16
DA:96,16
DA:97,16
DA:98,16
DA:99,16
DA:101,16
DA:102,16
DA:103,16
DA:104,16
DA:105,16
DA:107,16
DA:108,16
DA:109,16
DA:111,16
DA:112,16
DA:113,16
DA:114,16
DA:116,7
DA:117,7
DA:118,7
DA:120,7
DA:122,1
LF:79
LH:78
BRDA:26,0,0,7
BRDA:29,1,0,6
BRDA:29,2,0,1
BRDA:34,3,0,0
BRDA:38,4,0,0
BRDA:43,5,0,1
BRDA:45,6,0,0
BRDA:27,7,0,20
BRDA:28,8,0,16
BRDA:57,9,0,16
BRDA:68,10,0,6
BRDA:68,11,0,10
BRDA:71,12,0,6
BRDA:72,13,0,10
BRDA:73,14,0,0
BRDA:74,15,0,6
BRDA:75,16,0,10
BRDA:77,17,0,0
BRDA:84,18,0,0
BRDA:90,19,0,0
BRDA:108,20,0,0
BRDA:60,21,0,46
BRDA:67,22,0,1
BRF:23
BRH:15
end_of_record
TN:
SF:src\components\NovelEditor\settings\SettingsPanel.tsx
FN:8,SettingsPanel
FNF:1
FNH:0
FNDA:0,SettingsPanel
DA:8,1
DA:9,0
DA:10,0
DA:11,0
DA:12,0
DA:13,0
DA:14,0
DA:15,0
DA:16,0
DA:17,0
DA:18,0
DA:20,0
DA:21,0
DA:22,0
DA:24,0
DA:27,1
LF:16
LH:2
BRF:0
BRH:0
end_of_record
TN:
SF:src\components\NovelEditor\stats\StatsPanel.tsx
FN:11,StatsPanel
FN:37,onChange
FNF:2
FNH:2
FNDA:37,StatsPanel
FNDA:1,onChange
DA:11,1
DA:12,37
DA:13,37
DA:14,37
DA:15,37
DA:16,37
DA:17,37
DA:18,37
DA:19,37
DA:20,37
DA:21,37
DA:23,37
DA:24,37
DA:25,37
DA:26,37
DA:27,37
DA:28,37
DA:29,37
DA:31,37
DA:32,37
DA:33,37
DA:34,37
DA:35,37
DA:36,37
DA:37,37
DA:38,37
DA:39,37
DA:40,37
DA:41,37
DA:42,37
DA:43,37
DA:44,37
DA:45,37
DA:46,37
DA:47,37
DA:48,37
DA:49,37
DA:50,37
DA:51,37
DA:52,37
DA:53,37
DA:54,37
DA:55,37
DA:56,37
DA:57,37
DA:58,37
DA:59,37
DA:60,37
DA:61,37
DA:62,37
DA:63,37
DA:65,37
DA:66,37
DA:67,37
DA:68,37
DA:69,37
DA:71,37
DA:72,37
DA:73,37
DA:74,37
DA:75,37
DA:76,37
DA:77,37
DA:78,37
DA:79,37
DA:80,37
DA:81,37
DA:82,37
DA:84,37
DA:85,37
DA:86,37
DA:87,37
DA:88,37
DA:89,37
DA:90,37
DA:91,37
DA:92,37
DA:93,37
DA:95,37
DA:96,37
DA:97,37
DA:98,37
DA:99,37
DA:100,37
DA:101,37
DA:102,37
DA:103,37
DA:104,37
DA:105,37
DA:106,37
DA:109,1
LF:91
LH:91
BRDA:11,0,0,37
BRDA:20,1,0,36
BRDA:20,2,0,1
BRDA:27,3,0,36
BRDA:27,4,0,1
BRDA:32,5,0,36
BRDA:32,6,0,1
BRDA:40,7,0,36
BRDA:40,8,0,1
BRDA:41,9,0,36
BRDA:41,10,0,1
BRDA:42,11,0,36
BRDA:42,12,0,1
BRDA:56,13,0,36
BRDA:56,14,0,1
BRDA:62,15,0,36
BRDA:62,16,0,1
BRDA:37,17,0,1
BRDA:76,18,0,48
BRDA:100,19,0,48
BRF:20
BRH:20
end_of_record
TN:
SF:src\components\NovelEditor\world\WorldList.tsx
FN:22,getCat
FN:26,pillBtn
FN:40,WorldList
FNF:3
FNH:0
FNDA:0,getCat
FNDA:0,pillBtn
FNDA:0,WorldList
DA:1,1
DA:2,1
DA:3,1
DA:4,1
DA:11,1
DA:12,1
DA:13,1
DA:14,1
DA:15,1
DA:16,1
DA:17,1
DA:18,1
DA:22,0
DA:23,0
DA:24,0
DA:26,1
DA:27,0
DA:28,0
DA:29,0
DA:30,0
DA:31,0
DA:32,0
DA:33,0
DA:34,0
DA:35,0
DA:36,0
DA:37,0
DA:38,0
DA:40,1
DA:41,0
DA:42,0
DA:43,0
DA:44,0
DA:45,0
DA:46,0
DA:47,0
DA:48,0
DA:50,0
DA:51,0
DA:52,0
DA:53,0
DA:54,0
DA:55,0
DA:56,0
DA:57,0
DA:58,0
DA:60,0
DA:61,0
DA:62,0
DA:63,0
DA:64,0
DA:66,0
DA:67,0
DA:68,0
DA:69,0
DA:70,0
DA:71,0
DA:72,0
DA:73,0
DA:74,0
DA:75,0
DA:76,0
DA:77,0
DA:78,0
DA:79,0
DA:80,0
DA:81,0
DA:83,0
DA:84,0
DA:85,0
DA:86,0
DA:87,0
DA:88,0
DA:90,0
DA:91,0
DA:92,0
DA:93,0
DA:94,0
DA:95,0
DA:96,0
DA:97,0
DA:98,0
DA:99,0
DA:100,0
DA:102,0
DA:104,0
DA:105,0
DA:106,0
DA:107,0
DA:108,0
DA:109,0
DA:110,0
DA:112,0
DA:113,0
DA:115,0
DA:116,0
DA:117,0
DA:118,0
DA:119,0
DA:120,0
DA:122,0
DA:123,0
DA:124,0
DA:125,0
DA:126,0
DA:127,0
DA:128,0
DA:129,0
DA:130,0
DA:131,0
DA:132,0
DA:133,0
DA:134,0
DA:135,0
DA:136,0
DA:137,0
DA:138,0
DA:140,0
DA:141,0
DA:142,0
DA:145,0
DA:146,0
DA:147,0
DA:148,0
DA:149,0
DA:150,0
DA:151,0
DA:152,0
DA:153,0
DA:154,0
DA:155,0
DA:156,0
DA:157,0
DA:158,0
DA:159,0
DA:160,0
DA:161,0
DA:162,0
DA:163,0
DA:164,0
DA:165,0
DA:166,0
DA:167,0
DA:168,0
DA:169,0
DA:170,0
DA:171,0
DA:172,0
DA:174,0
DA:175,0
DA:176,0
DA:177,0
DA:179,0
DA:180,0
DA:182,0
DA:183,0
DA:184,0
DA:185,0
DA:186,0
DA:188,0
DA:189,0
DA:190,0
DA:194,0
DA:195,0
DA:196,0
DA:197,0
DA:198,0
DA:199,0
DA:200,0
DA:202,0
DA:203,0
DA:204,0
DA:205,0
DA:206,0
DA:207,0
DA:208,0
DA:209,0
DA:210,0
DA:211,0
DA:212,0
DA:213,0
DA:214,0
DA:216,0
DA:217,0
DA:218,0
DA:219,0
DA:220,0
DA:221,0
DA:222,0
DA:223,0
DA:224,0
DA:225,0
DA:226,0
DA:227,0
DA:228,0
DA:229,0
DA:230,0
DA:231,0
DA:232,0
DA:233,0
DA:234,0
DA:235,0
DA:236,0
DA:237,0
DA:238,0
DA:239,0
DA:240,0
DA:241,0
DA:242,0
DA:243,0
DA:244,0
DA:246,0
DA:247,0
DA:248,0
DA:249,0
DA:250,0
DA:251,0
DA:252,0
DA:253,0
DA:254,0
DA:256,0
DA:257,0
DA:258,0
DA:262,0
DA:263,0
DA:264,0
DA:265,0
DA:267,0
DA:268,0
DA:269,0
DA:270,0
DA:271,0
DA:272,0
DA:273,0
DA:274,0
DA:275,0
DA:277,0
DA:278,0
DA:279,0
DA:280,0
DA:283,0
DA:284,0
DA:285,0
DA:286,0
DA:287,0
DA:288,0
DA:289,0
DA:290,0
DA:291,0
DA:292,0
DA:293,0
DA:294,0
DA:295,0
DA:296,0
DA:298,0
DA:299,0
DA:301,0
DA:302,0
DA:303,0
DA:304,0
DA:305,0
DA:307,0
DA:308,0
DA:309,0
DA:310,0
DA:311,0
DA:312,0
DA:313,0
DA:314,0
DA:315,0
DA:316,0
DA:317,0
DA:319,0
DA:320,0
DA:321,0
DA:322,0
DA:323,0
DA:324,0
DA:325,0
DA:327,0
DA:328,0
DA:330,0
DA:332,0
DA:333,0
DA:334,0
DA:335,0
DA:336,0
DA:338,0
DA:339,0
DA:340,0
DA:341,0
DA:342,0
DA:343,0
DA:345,0
DA:346,0
DA:347,0
DA:348,0
DA:350,0
DA:351,0
DA:353,0
DA:354,0
DA:355,0
DA:356,0
DA:357,0
DA:358,0
DA:359,0
DA:360,0
DA:361,0
DA:362,0
DA:363,0
DA:364,0
DA:366,0
DA:367,0
DA:368,0
DA:369,0
DA:370,0
DA:371,0
DA:372,0
DA:373,0
DA:374,0
DA:375,0
DA:376,0
DA:377,0
DA:378,0
DA:380,0
DA:381,0
DA:382,0
DA:383,0
DA:385,0
DA:387,0
DA:388,0
DA:390,0
DA:391,0
DA:392,0
DA:393,0
DA:395,0
DA:396,0
DA:397,0
DA:399,0
DA:401,0
DA:403,1
LF:341
LH:15
BRF:0
BRH:0
end_of_record
TN:
SF:src\pages\Edit.tsx
FN:1,(empty-report)
FNF:1
FNH:0
FNDA:0,(empty-report)
DA:1,0
DA:2,0
DA:4,0
DA:5,0
DA:6,0
DA:7,0
DA:8,0
DA:10,0
LF:8
LH:0
BRDA:1,0,0,0
BRF:1
BRH:0
end_of_record
TN:
SF:src\pages\Login.tsx
FN:8,Login
FN:19,handleSubmit
FN:38,switchMode
FN:70,onChange
FN:82,onChange
FN:93,onChange
FNF:6
FNH:6
FNDA:128,Login
FNDA:5,handleSubmit
FNDA:4,switchMode
FNDA:6,onChange
FNDA:39,onChange
FNDA:61,onChange
DA:1,1
DA:2,1
DA:3,1
DA:4,1
DA:8,1
DA:9,128
DA:10,128
DA:11,128
DA:12,128
DA:13,128
DA:14,128
DA:15,128
DA:17,128
DA:19,128
DA:20,5
DA:21,5
DA:23,5
DA:24,5
DA:25,5
DA:26,5
DA:27,2
DA:28,5
DA:29,3
DA:30,1
DA:31,5
DA:32,3
DA:33,5
DA:34,5
DA:35,5
DA:36,5
DA:38,128
DA:39,4
DA:40,4
DA:41,4
DA:43,128
DA:44,128
DA:45,128
DA:46,128
DA:48,128
DA:49,128
DA:50,128
DA:51,128
DA:52,128
DA:53,128
DA:55,128
DA:56,3
DA:57,3
DA:58,3
DA:61,128
DA:62,128
DA:63,55
DA:64,55
DA:65,55
DA:66,55
DA:67,55
DA:68,55
DA:69,55
DA:70,55
DA:71,55
DA:72,55
DA:75,128
DA:76,128
DA:77,128
DA:78,128
DA:79,128
DA:80,128
DA:81,128
DA:82,128
DA:83,128
DA:84,128
DA:86,128
DA:87,128
DA:88,128
DA:89,128
DA:90,128
DA:91,128
DA:92,128
DA:93,128
DA:94,128
DA:95,128
DA:96,128
DA:98,128
DA:99,128
DA:100,128
DA:101,128
DA:102,128
DA:104,128
DA:105,128
DA:106,128
DA:107,128
DA:108,128
DA:109,128
DA:110,128
DA:111,128
DA:113,128
LF:95
LH:95
BRDA:8,0,0,128
BRDA:52,1,0,55
BRDA:52,2,0,73
BRDA:55,3,0,3
BRDA:62,4,0,55
BRDA:91,5,0,55
BRDA:91,6,0,73
BRDA:95,7,0,55
BRDA:99,8,0,7
BRDA:100,9,0,55
BRDA:100,10,0,73
BRDA:106,11,0,55
BRDA:106,12,0,73
BRDA:19,13,0,5
BRDA:21,14,0,0
BRDA:26,15,0,2
BRDA:27,16,0,1
BRDA:28,17,0,3
BRDA:29,18,0,1
BRDA:31,19,0,3
BRDA:32,20,0,1
BRDA:32,21,0,2
BRDA:38,22,0,4
BRDA:39,23,0,0
BRDA:70,24,0,6
BRDA:82,25,0,39
BRDA:93,26,0,61
BRF:27
BRH:25
end_of_record
TN:
SF:src\utils\describeError.ts
FN:7,describeError
FNF:1
FNH:1
FNDA:15,describeError
DA:1,1
DA:7,1
DA:8,15
DA:9,11
DA:10,11
DA:11,15
DA:12,1
DA:13,1
DA:14,3
DA:15,3
LF:10
LH:10
BRDA:7,0,0,15
BRDA:8,1,0,14
BRDA:8,2,0,11
BRDA:10,3,0,4
BRDA:11,4,0,1
BRDA:11,5,0,6
BRDA:11,6,0,1
BRDA:13,7,0,3
BRF:8
BRH:8
end_of_record
TN:
SF:src\utils\html.ts
FN:10,sanitizeHtml
FN:46,escapeHtml
FN:56,textToParagraphs
FNF:3
FNH:3
FNDA:31,sanitizeHtml
FNDA:8,escapeHtml
FNDA:5,textToParagraphs
DA:1,1
DA:10,1
DA:11,31
DA:12,31
DA:13,31
DA:14,31
DA:15,31
DA:16,31
DA:17,31
DA:18,31
DA:19,31
DA:20,31
DA:21,31
DA:22,31
DA:23,31
DA:24,31
DA:25,31
DA:26,31
DA:27,31
DA:28,31
DA:29,31
DA:30,31
DA:31,31
DA:32,31
DA:33,31
DA:34,31
DA:35,31
DA:36,31
DA:37,31
DA:38,31
DA:39,31
DA:40,31
DA:41,31
DA:42,31
DA:43,31
DA:46,1
DA:47,8
DA:48,8
DA:49,8
DA:50,8
DA:51,8
DA:52,8
DA:53,8
DA:56,1
DA:57,5
DA:58,5
DA:59,5
DA:60,5
DA:61,5
DA:62,5
DA:63,5
LF:51
LH:51
BRDA:10,0,0,31
BRDA:46,1,0,8
BRDA:56,2,0,5
BRDA:59,3,0,9
BRDA:61,4,0,6
BRF:5
BRH:5
end_of_record
TN:
SF:src\utils\outline.ts
FN:4,outlineSummary
FNF:1
FNH:1
FNDA:20,outlineSummary
DA:1,1
DA:4,1
DA:5,20
DA:6,20
DA:7,20
DA:8,20
DA:9,20
DA:10,20
DA:12,13
DA:13,13
DA:14,1
DA:15,12
DA:16,20
LF:13
LH:13
BRDA:4,0,0,20
BRDA:10,1,0,7
BRDA:10,2,0,13
BRDA:13,3,0,1
BRDA:14,4,0,12
BRF:5
BRH:5
end_of_record
